This is LuaTeX, Version beta-0.80.0 (TeX Live 2015/Debian) (rev 5238)  (format=lualatex 2018.11.27)  27 NOV 2018 15:33
 restricted \write18 enabled.
**./mirelha.tex
(./mirelha.tex
LaTeX2e <2016/02/01>
Babel <3.9q> and hyphenation patterns for 1 language(s) loaded.
(/usr/share/texlive/texmf-dist/tex/latex/base/article.cls
Document Class: article 2014/09/29 v1.4h Standard LaTeX document class
(/usr/share/texlive/texmf-dist/tex/latex/base/size10.clo
File: size10.clo 2014/09/29 v1.4h Standard LaTeX file (size option)
)
\c@part=\count79
\c@section=\count80
\c@subsection=\count81
\c@subsubsection=\count82
\c@paragraph=\count83
\c@subparagraph=\count84
\c@figure=\count85
\c@table=\count86
\abovecaptionskip=\skip41
\belowcaptionskip=\skip42
\bibindent=\dimen102
)
(/usr/share/texlive/texmf-dist/tex/lualatex/luacode/luacode.sty
Package: luacode 2012/01/23 v1.2a lua-in-tex helpers (mpg)

(/usr/share/texlive/texmf-dist/tex/generic/oberdiek/ifluatex.sty
Package: ifluatex 2010/03/01 v1.3 Provides the ifluatex switch (HO)
Package ifluatex Info: LuaTeX detected.
)
(/usr/share/texlive/texmf-dist/tex/luatex/luatexbase/luatexbase.sty
Package: luatexbase 2015/10/04 v1.3 luatexbase interface to LuaTeX 

(/usr/share/texlive/texmf-dist/tex/luatex/ctablestack/ctablestack.sty
Package: ctablestack 2015/10/01 v1.0 Catcode table stable support
\@catcodetablestackcnt=\count87
)
\CatcodeTableOther=\catcodetable5
\CatcodeTableExpl=\catcodetable6
)
\luacode@lines=\toks14
\luacode@table@soft=\catcodetable7
)
(/usr/share/texlive/texmf-dist/tex/latex/yfonts/yfonts.sty
Package: yfonts 2003/01/08 v1.3 (WaS)
)
(/usr/share/texlive/texmf-dist/tex/latex/graphics/color.sty
Package: color 2016/01/03 v1.1b Standard LaTeX Color (DPC)

(/usr/share/texlive/texmf-dist/tex/latex/latexconfig/color.cfg
File: color.cfg 2007/01/18 v1.5 color configuration of teTeX/TeXLive
)
Package color Info: Driver file: pdftex.def on input line 143.

(/usr/share/texlive/texmf-dist/tex/latex/pdftex-def/pdftex.def
File: pdftex.def 2011/05/27 v0.06d Graphics/color for pdfTeX

(/usr/share/texlive/texmf-dist/tex/generic/oberdiek/infwarerr.sty
Package: infwarerr 2010/04/08 v1.3 Providing info/warning/error messages (HO)
)
(/usr/share/texlive/texmf-dist/tex/generic/oberdiek/ltxcmds.sty
Package: ltxcmds 2011/11/09 v1.22 LaTeX kernel commands for general use (HO)
)
\Gread@gobject=\count88
))
(/usr/share/texlive/texmf-dist/tex/latex/lettrine/lettrine.sty
File: lettrine.sty 2015/08/31 v1.9 (Daniel Flipo)

(/usr/share/texlive/texmf-dist/tex/latex/graphics/keyval.sty
Package: keyval 2014/10/28 v1.15 key=value parser (DPC)
\KV@toks@=\toks15
)
\c@DefaultLines=\count89
\c@DefaultDepth=\count90
\DefaultFindent=\dimen103
\DefaultNindent=\dimen104
\DefaultSlope=\dimen105
\DiscardVskip=\dimen106
\L@lbox=\box26
\L@tbox=\box27
\c@L@lines=\count91
\c@L@depth=\count92
\L@Pindent=\dimen107
\L@Findent=\dimen108
\L@Nindent=\dimen109
\L@lraise=\dimen110
\L@first=\dimen111
\L@next=\dimen112
\L@slope=\dimen113
\L@height=\dimen114
\L@novskip=\dimen115
\LettrineWidth=\dimen116
\LettrineHeight=\dimen117
\LettrineDepth=\dimen118

Loading lettrine.cfg
(/usr/share/texlive/texmf-dist/tex/latex/lettrine/lettrine.cfg))
(/usr/share/texlive/texmf-dist/tex/latex/oberdiek/pdfcolparallel.sty
Package: pdfcolparallel 2010/01/11 v1.3 Color stacks support for parallel (HO)

(/usr/share/texlive/texmf-dist/tex/latex/parallel/parallel.sty
Package: parallel 2003/04/13, setting two texts parallel (me)

`parallel': setting two texts parallel, (beta 4) 2003/04/13.
\ParallelLWidth=\dimen119
\ParallelRWidth=\dimen120
\ParallelTextWidth=\dimen121
\ParallelLeftMargin=\dimen122
\ParallelUserMidSkip=\dimen123
\ParallelMainMidSkip=\dimen124
\ParallelLBox=\box28
\ParallelRBox=\box29
\ParallelBoxVar=\box30
\ParallelLTok=\box31
\ParallelRTok=\box32
\ParallelBoolVar=\count93
\ParallelBoolMid=\count94
\ParallelWhichBox=\count95
\ParallelMainMode=\count96
\ParallelFNMode=\count97
\ParallelLFNCounter=\count98
\ParallelRFNCounter=\count99
\ParallelMaxFN=\count100
\ParallelFNNumMode=\count101
)
(/usr/share/texlive/texmf-dist/tex/generic/oberdiek/pdfcol.sty
Package: pdfcol 2007/12/12 v1.2 Handle new color stacks for pdfTeX (HO)

(/usr/share/texlive/texmf-dist/tex/generic/oberdiek/ifpdf.sty
Package: ifpdf 2011/01/30 v2.3 Provides the ifpdf switch (HO)
Package ifpdf Info: pdfTeX in PDF mode is detected.
))
Package pdfcol Info: New color stack `pcp@Left' = 1 on input line 307.
Package pdfcol Info: New color stack `pcp@Right' = 2 on input line 308.
\pcp@Box=\box33
)
(./parallelfiles.sty)
(/usr/share/texlive/texmf-dist/tex/generic/babel/babel.sty
Package: babel 2016/02/24 3.9q The Babel package

(/usr/share/texlive/texmf-dist/tex/generic/babel/luababel.def
\l@dumylang=\language1
\l@nohyphenation=\language2
\l@danish=\language3
\l@oriya=\language4
\l@classiclatin=\language5
\l@ngerman-x-2014-05-21=\language6
\l@serbian=\language7
\l@farsi=\language8
\l@armenian=\language9
\l@kannada=\language10
\l@indonesian=\language11
\l@hungarian=\language12
\l@swissgerman=\language13
\l@czech=\language14
\l@slovenian=\language15
\l@mongolian=\language16
\l@marathi=\language17
\l@malayalam=\language18
\l@gujarati=\language19
\l@panjabi=\language20
\l@german=\language21
\l@interlingua=\language22
\l@ukenglish=\language23
\l@turkish=\language24
\l@french=\language25
\l@hindi=\language26
\l@mongolianlmc=\language27
\l@slovak=\language28
\l@greek=\language29
\l@occitan=\language30
\l@assamese=\language31
\l@italian=\language32
\l@uppersorbian=\language33
\l@dutch=\language34
\l@bengali=\language35
\l@ukrainian=\language36
\l@estonian=\language37
\l@swedish=\language38
\l@ibycus=\language39
\l@welsh=\language40
\l@galician=\language41
\l@bulgarian=\language42
\l@tamil=\language43
\l@portuguese=\language44
\l@icelandic=\language45
\l@usenglishmax=\language46
\l@ethiopic=\language47
\l@ngerman=\language48
\l@serbianc=\language49
\l@friulan=\language50
\l@basque=\language51
\l@lithuanian=\language52
\l@polish=\language53
\l@georgian=\language54
\l@finnish=\language55
\l@monogreek=\language56
\l@romansh=\language57
\l@irish=\language58
\l@piedmontese=\language59
\l@esperanto=\language60
\l@nynorsk=\language61
\l@romanian=\language62
\l@catalan=\language63
\l@german-x-2014-05-21=\language64
\l@russian=\language65
\l@kurmanji=\language66
\l@croatian=\language67
\l@bokmal=\language68
\l@turkmen=\language69
\l@afrikaans=\language70
\l@telugu=\language71
\l@thai=\language72
\l@arabic=\language73
\l@sanskrit=\language74
\l@ancientgreek=\language75
\l@latvian=\language76
\l@latin=\language77
\l@coptic=\language78
\l@spanish=\language79
\l@pinyin=\language80
)
(/usr/share/texlive/texmf-dist/tex/generic/babel-french/frenchb.ldf
Language: frenchb 2016/02/13 v3.1l French support from the babel system

(/usr/share/texlive/texmf-dist/tex/generic/babel/babel.def
File: babel.def 2016/02/24 3.9q Babel common definitions
\babel@savecnt=\count102
\U@D=\dimen125

(/usr/share/texlive/texmf-dist/tex/generic/babel/luababel.def))
\l@acadian = a dialect from \language\l@french 
\l@canadien = a dialect from \language\l@french 
\FBcolonskip=\skip43
\FBthinskip=\skip44
\FB@addDPspace=\attribute1
\FB@addGUILspace=\attribute2
Package frenchb.ldf Info: No need for active punctuation characters
(frenchb.ldf)             with this version of LuaTeX!
(frenchb.ldf)             reported on input line 213.
\FBguillskip=\skip45
\FBguill@level=\count103
\FB@everypar=\toks16
\FB@Mht=\dimen126
LaTeX Info: Redefining \degres on input line 715.
\std@mcc=\count104
\dec@mcc=\count105
\listindentFB=\skip46
\labelwidthFB=\skip47
\leftmarginFB=\skip48
\parindentFFN=\dimen127

(/usr/share/texlive/texmf-dist/tex/generic/hyph-utf8/loadhyph/loadhyph-fr.tex
UTF-8 French hyphenation patterns (V2.12, 2002/12/11)
(/usr/share/texlive/texmf-dist/tex/generic/hyph-utf8/patterns/tex/hyph-fr.tex)
(/usr/share/texlive/texmf-dist/tex/generic/hyph-utf8/patterns/quote/hyph-quote-
fr.tex)))) (/usr/share/texlive/texmf-dist/tex/latex/carlisle/scalefnt.sty)
(/usr/share/texlive/texmf-dist/tex/latex/fontspec/fontspec.sty
(/usr/share/texlive/texmf-dist/tex/latex/l3kernel/expl3.sty
Package: expl3 2016/01/19 v6377 L3 programming layer (loader) 

(/usr/share/texlive/texmf-dist/tex/latex/l3kernel/expl3-code.tex
Package: expl3 2016/01/19 v6377 L3 programming layer (code)
L3 Module: l3bootstrap 2016/01/01 v6339 L3 Bootstrap code
\ucharcat@table=\catcodetable8
L3 Module: l3names 2015/12/21 v6328 L3 Namespace for primitives
L3 Module: l3basics 2015/11/22 v6315 L3 Basic definitions
L3 Module: l3expan 2015/09/10 v5983 L3 Argument expansion
L3 Module: l3tl 2015/09/29 v6121 L3 Token lists
L3 Module: l3str 2016/01/03 v6357 L3 Strings
L3 Module: l3seq 2015/08/05 v5777 L3 Sequences and stacks
L3 Module: l3int 2016/01/05 v6366 L3 Integers
\c_max_int=\count106
\l_tmpa_int=\count107
\l_tmpb_int=\count108
\g_tmpa_int=\count109
\g_tmpb_int=\count110
L3 Module: l3quark 2015/08/17 v5855 L3 Quarks
L3 Module: l3prg 2015/11/01 v6216 L3 Control structures
\g__prg_map_int=\count111
L3 Module: l3clist 2015/09/02 v5901 L3 Comma separated lists
L3 Module: l3token 2015/11/11 v6249 L3 Experimental token manipulation
L3 Module: l3prop 2016/01/05 v6366 L3 Property lists
L3 Module: l3msg 2015/09/28 v6113 L3 Messages
L3 Module: l3file 2015/12/03 v6317 L3 File and I/O operations
\l_iow_line_count_int=\count112
\l__iow_target_count_int=\count113
\l__iow_current_line_int=\count114
\l__iow_current_word_int=\count115
\l__iow_current_indentation_int=\count116
L3 Module: l3skip 2016/01/05 v6366 L3 Dimensions and skips
\c_zero_dim=\dimen128
\c_max_dim=\dimen129
\l_tmpa_dim=\dimen130
\l_tmpb_dim=\dimen131
\g_tmpa_dim=\dimen132
\g_tmpb_dim=\dimen133
\c_zero_skip=\skip49
\c_max_skip=\skip50
\l_tmpa_skip=\skip51
\l_tmpb_skip=\skip52
\g_tmpa_skip=\skip53
\g_tmpb_skip=\skip54
\c_zero_muskip=\muskip10
\c_max_muskip=\muskip11
\l_tmpa_muskip=\muskip12
\l_tmpb_muskip=\muskip13
\g_tmpa_muskip=\muskip14
\g_tmpb_muskip=\muskip15
L3 Module: l3keys 2015/11/17 v6284 L3 Key-value interfaces
\g__keyval_level_int=\count117
\l_keys_choice_int=\count118
L3 Module: l3fp 2015/08/25 v5890 L3 Floating points
\c__fp_leading_shift_int=\count119
\c__fp_middle_shift_int=\count120
\c__fp_trailing_shift_int=\count121
\c__fp_big_leading_shift_int=\count122
\c__fp_big_middle_shift_int=\count123
\c__fp_big_trailing_shift_int=\count124
\c__fp_Bigg_leading_shift_int=\count125
\c__fp_Bigg_middle_shift_int=\count126
\c__fp_Bigg_trailing_shift_int=\count127
L3 Module: l3box 2015/08/09 v5822 L3 Experimental boxes
\c_empty_box=\box34
\l_tmpa_box=\box35
\l_tmpb_box=\box36
\g_tmpa_box=\box37
\g_tmpb_box=\box38
L3 Module: l3coffins 2015/08/06 v5789 L3 Coffin code layer
\l__coffin_internal_box=\box39
\l__coffin_internal_dim=\dimen134
\l__coffin_offset_x_dim=\dimen135
\l__coffin_offset_y_dim=\dimen136
\l__coffin_x_dim=\dimen137
\l__coffin_y_dim=\dimen138
\l__coffin_x_prime_dim=\dimen139
\l__coffin_y_prime_dim=\dimen140
\c_empty_coffin=\box40
\l__coffin_aligned_coffin=\box41
\l__coffin_aligned_internal_coffin=\box42
\l_tmpa_coffin=\box43
\l_tmpb_coffin=\box44
\l__coffin_display_coffin=\box45
\l__coffin_display_coord_coffin=\box46
\l__coffin_display_pole_coffin=\box47
\l__coffin_display_offset_dim=\dimen141
\l__coffin_display_x_dim=\dimen142
\l__coffin_display_y_dim=\dimen143
L3 Module: l3color 2014/08/23 v5354 L3 Experimental color support
L3 Module: l3sys 2015/09/25 v6087 L3 Experimental system/runtime functions
L3 Module: l3candidates 2016/01/14 v6376 L3 Experimental additions to l3kernel
\l__box_top_dim=\dimen144
\l__box_bottom_dim=\dimen145
\l__box_left_dim=\dimen146
\l__box_right_dim=\dimen147
\l__box_top_new_dim=\dimen148
\l__box_bottom_new_dim=\dimen149
\l__box_left_new_dim=\dimen150
\l__box_right_new_dim=\dimen151
\l__box_internal_box=\box48
\l__coffin_bounding_shift_dim=\dimen152
\l__coffin_left_corner_dim=\dimen153
\l__coffin_right_corner_dim=\dimen154
\l__coffin_bottom_corner_dim=\dimen155
\l__coffin_top_corner_dim=\dimen156
\l__coffin_scaled_total_height_dim=\dimen157
\l__coffin_scaled_width_dim=\dimen158
L3 Module: l3luatex 2015/11/11 v6250 L3 Experimental LuaTeX-specific functions
)
(/usr/share/texlive/texmf-dist/tex/latex/l3kernel/l3pdfmode.def
File: l3pdfmode.def 2015/11/11 v6250 L3 Experimental driver: PDF mode
\l__driver_color_stack_int=\count128
))
(/usr/share/texlive/texmf-dist/tex/latex/l3packages/xparse/xparse.sty
Package: xparse 2016/01/19 v6377 L3 Experimental document command parser
\l__xparse_current_arg_int=\count129
\l__xparse_m_args_int=\count130
\l__xparse_mandatory_args_int=\count131
\l__xparse_processor_int=\count132
\l__xparse_v_nesting_int=\count133
)
Package: fontspec 2016/02/01 v2.5a Font selection for XeLaTeX and LuaLaTeX

(/usr/share/texlive/texmf-dist/tex/luatex/luaotfload/luaotfload.sty
Package: luaotfload 2015/12/09 v2.6 OpenType layout system
Lua module: luaotfload-main 2015/12/09 2.60001 OpenType layout system.
Lua module: lualibs 2015-12-02 2.3 ConTeXt Lua standard libraries.
Lua module: lualibs-extended 2015-12-02 2.3 ConTeXt Lua libraries -- extended co
llection.(using write cache: /home/olivier/.texmf-var/luatex-cache/generic)(usin
g read cache: /var/lib/texmf/luatex-cache/generic /home/olivier/.texmf-var/luate
x-cache/generic)
luaotfload | conf : Root cache directory is /home/olivier/.texmf-var/luatex-cach
e/generic/names.
luaotfload | init : Loading fontloader “fontloader-2016-02-12.lua” from kpse
-resolved path “/usr/share/texlive/texmf-dist/tex/luatex/luaotfload/fontloader
-2016-02-12.lua”.
Lua-only attribute luaotfload@state = 3
Lua-only attribute luaotfload@cursbase = 4
Lua-only attribute luaotfload@noligature = 5
luaotfload | init : Context OpenType loader version “2.82”
Inserting `luaotfload.node_processor' at position 1 in `pre_linebreak_filter'.
Inserting `luaotfload.node_processor' at position 1 in `hpack_filter'.
Inserting `luaotfload.define_font' at position 1 in `define_font'.
Lua-only attribute luaotfload_color_attribute = 6
luaotfload | conf : Root cache directory is /home/olivier/.texmf-var/luatex-cach
e/generic/names.
Inserting `luaotfload.aux.set_sscale_dimens' at position 1 in `luaotfload.patch_
font'.
Inserting `luaotfload.aux.patch_cambria_domh' at position 2 in `luaotfload.patch
_font'.
Inserting `luaotfload.aux.fixup_fontdata' at position 1 in `luaotfload.patch_fon
t_unsafe'.
Inserting `luaotfload.aux.set_capheight' at position 3 in `luaotfload.patch_font
'.
Inserting `luaotfload.rewrite_fontname' at position 4 in `luaotfload.patch_font'
.
luaotfload | main : initialization completed in 0.036 seconds)
Lua module: fontspec 2016/02/01 2.5a Advanced font selection for LuaLaTeX.
(/usr/share/texlive/texmf-dist/tex/latex/fontspec/fontspec-luatex.sty
Package: fontspec-luatex 2016/02/01 v2.5a Font selection for XeLaTeX and LuaLaTe
X
\l_fontspec_script_int=\count134
\l_fontspec_language_int=\count135
\l_fontspec_strnum_int=\count136
\l__fontspec_tmpa_dim=\dimen159
\l__fontspec_tmpb_dim=\dimen160
\l__fontspec_tmpc_dim=\dimen161
\g__file_internal_ior=\read1

(/usr/share/texlive/texmf-dist/tex/latex/base/fontenc.sty
Package: fontenc 2005/09/27 v1.99g Standard LaTeX package

(/usr/share/texlive/texmf-dist/tex/latex/euenc/eu2enc.def
File: eu2enc.def 2010/05/27 v0.1h Experimental Unicode font encodings
)
LaTeX Font Info:    Try loading font information for EU2+lmr on input line 105.

(/usr/share/texlive/texmf-dist/tex/latex/euenc/eu2lmr.fd
File: eu2lmr.fd 2009/10/30 v1.6 Font defs for Latin Modern
)
luaotfload | db : Font names database loaded from /home/olivier/.texmf-var/luate
x-cache/generic/names/luaotfload-names.luc(compiling luc: /var/lib/texmf/luatex-
cache/generic/fonts/otf/lmroman10-regular.luc)(load luc: /home/olivier/.texmf-va
r/luatex-cache/generic/fonts/otf/lmroman10-regular.luc))
(/usr/share/texlive/texmf-dist/tex/xelatex/xunicode/xunicode.sty
File: xunicode.sty 2011/09/09 v0.981 provides access to latin accents and many o
ther characters in Unicode lower plane

(/usr/share/texmf/tex/latex/tipa/t3enc.def
File: t3enc.def 2001/12/31 T3 encoding
(compiling luc: /var/lib/texmf/luatex-cache/generic/fonts/otf/lmromanslant10-reg
ular.luc)(load luc: /home/olivier/.texmf-var/luatex-cache/generic/fonts/otf/lmro
manslant10-regular.luc)(compiling luc: /var/lib/texmf/luatex-cache/generic/fonts
/otf/lmroman10-italic.luc)(load luc: /home/olivier/.texmf-var/luatex-cache/gener
ic/fonts/otf/lmroman10-italic.luc)(compiling luc: /var/lib/texmf/luatex-cache/ge
neric/fonts/otf/lmroman10-bold.luc)(load luc: /home/olivier/.texmf-var/luatex-ca
che/generic/fonts/otf/lmroman10-bold.luc)
LaTeX Font Info:    Try loading font information for EU2+lmss on input line 357.

 (/usr/share/texlive/texmf-dist/tex/latex/euenc/eu2lmss.fd
File: eu2lmss.fd 2009/10/30 v1.6 Font defs for Latin Modern
)(compiling luc: /var/lib/texmf/luatex-cache/generic/fonts/otf/lmsans10-regular.
luc)(load luc: /home/olivier/.texmf-var/luatex-cache/generic/fonts/otf/lmsans10-
regular.luc))
\tipaTiiicode=\count137
\tipasavetokens=\toks17
\tipachecktokens=\toks18

(/usr/share/texlive/texmf-dist/tex/latex/graphics/graphicx.sty
Package: graphicx 2014/10/28 v1.0g Enhanced LaTeX Graphics (DPC,SPQR)

(/usr/share/texlive/texmf-dist/tex/latex/graphics/graphics.sty
Package: graphics 2016/01/03 v1.0q Standard LaTeX Graphics (DPC,SPQR)

(/usr/share/texlive/texmf-dist/tex/latex/graphics/trig.sty
Package: trig 2016/01/03 v1.10 sin cos tan (DPC)
)
(/usr/share/texlive/texmf-dist/tex/latex/latexconfig/graphics.cfg
File: graphics.cfg 2010/04/23 v1.9 graphics configuration of TeX Live
)
Package graphics Info: Driver file: pdftex.def on input line 95.
)
\Gin@req@height=\dimen162
\Gin@req@width=\dimen163
))
.................................................
. LaTeX info: "xparse/define-command"
. 
. Defining command \__fontspec_post_arg:w with sig. 'mmO{}' on line 356.
.................................................
.................................................
. LaTeX info: "xparse/define-command"
. 
. Defining command \fontspec with sig. 'om' on line 358.
.................................................
.................................................
. LaTeX info: "xparse/define-command"
. 
. Defining command \setmainfont with sig. 'om' on line 368.
.................................................
.................................................
. LaTeX info: "xparse/define-command"
. 
. Defining command \setsansfont with sig. 'om' on line 378.
.................................................
.................................................
. LaTeX info: "xparse/define-command"
. 
. Defining command \setmonofont with sig. 'om' on line 388.
.................................................
.................................................
. LaTeX info: "xparse/define-command"
. 
. Defining command \setmathrm with sig. 'om' on line 402.
.................................................
.................................................
. LaTeX info: "xparse/define-command"
. 
. Defining command \setboldmathrm with sig. 'om' on line 410.
.................................................
.................................................
. LaTeX info: "xparse/define-command"
. 
. Defining command \setmathsf with sig. 'om' on line 418.
.................................................
.................................................
. LaTeX info: "xparse/define-command"
. 
. Defining command \setmathtt with sig. 'om' on line 426.
.................................................
.................................................
. LaTeX info: "xparse/define-command"
. 
. Defining command \newfontfamily with sig. 'mom' on line 440.
.................................................
.................................................
. LaTeX info: "xparse/define-command"
. 
. Defining command \newfontface with sig. 'mom' on line 456.
.................................................
.................................................
. LaTeX info: "xparse/define-command"
. 
. Defining command \defaultfontfeatures with sig. 't+om' on line 470.
.................................................
.................................................
. LaTeX info: "xparse/define-command"
. 
. Defining command \addfontfeatures with sig. 'm' on line 533.
.................................................
.................................................
. LaTeX info: "xparse/define-command"
. 
. Defining command \newfontfeature with sig. 'mm' on line 544.
.................................................
.................................................
. LaTeX info: "xparse/define-command"
. 
. Defining command \newAATfeature with sig. 'mmmm' on line 552.
.................................................
.................................................
. LaTeX info: "xparse/define-command"
. 
. Defining command \newopentypefeature with sig. 'mmm' on line 560.
.................................................
.................................................
. LaTeX info: "xparse/define-command"
. 
. Defining command \aliasfontfeature with sig. 'mm' on line 581.
.................................................
.................................................
. LaTeX info: "xparse/define-command"
. 
. Defining command \aliasfontfeatureoption with sig. 'mmm' on line 590.
.................................................
.................................................
. LaTeX info: "xparse/define-command"
. 
. Defining command \newfontscript with sig. 'mm' on line 594.
.................................................
.................................................
. LaTeX info: "xparse/define-command"
. 
. Defining command \newfontlanguage with sig. 'mm' on line 598.
.................................................
.................................................
. LaTeX info: "xparse/define-command"
. 
. Defining command \DeclareFontsExtensions with sig. 'm' on line 603.
.................................................
\l__fontspec_tmp_int=\count138

(/usr/share/texlive/texmf-dist/tex/latex/fontspec/fontspec.cfg)
LaTeX Info: Redefining \itshape on input line 2629.
LaTeX Info: Redefining \slshape on input line 2634.
LaTeX Info: Redefining \scshape on input line 2639.
LaTeX Info: Redefining \upshape on input line 2644.
\l__fontspec_em_int=\count139
\l__fontspec_emdef_int=\count140
LaTeX Info: Redefining \em on input line 2660.
LaTeX Info: Redefining \emph on input line 2666.
LaTeX Info: Redefining \- on input line 2670.
.................................................
. LaTeX info: "xparse/redefine-command"
. 
. Redefining command \oldstylenums with sig. 'm' on line 2765.
.................................................
.................................................
. LaTeX info: "xparse/define-command"
. 
. Defining command \liningnums with sig. 'm' on line 2769.
.................................................
))
(/usr/share/texlive/texmf-dist/tex/latex/geometry/geometry.sty
Package: geometry 2010/09/12 v5.6 Page Geometry

(/usr/share/texlive/texmf-dist/tex/generic/oberdiek/ifvtex.sty
Package: ifvtex 2010/03/01 v1.5 Detect VTeX and its facilities (HO)
Package ifvtex Info: VTeX not detected.
)
(/usr/share/texlive/texmf-dist/tex/generic/ifxetex/ifxetex.sty
Package: ifxetex 2010/09/12 v0.6 Provides ifxetex conditional
)
\Gm@cnth=\count141
\Gm@cntv=\count142
\c@Gm@tempcnt=\count143
\Gm@bindingoffset=\dimen164
\Gm@wd@mp=\dimen165
\Gm@odd@mp=\dimen166
\Gm@even@mp=\dimen167
\Gm@layoutwidth=\dimen168
\Gm@layoutheight=\dimen169
\Gm@layouthoffset=\dimen170
\Gm@layoutvoffset=\dimen171
\Gm@dimlist=\toks19
) (./mirelha.aux)
\openout1 = mirelha.aux

LaTeX Font Info:    Checking defaults for OML/cmm/m/it on input line 12.
LaTeX Font Info:    ... okay on input line 12.
LaTeX Font Info:    Checking defaults for T1/cmr/m/n on input line 12.
LaTeX Font Info:    ... okay on input line 12.
LaTeX Font Info:    Checking defaults for OT1/cmr/m/n on input line 12.
LaTeX Font Info:    ... okay on input line 12.
LaTeX Font Info:    Checking defaults for OMS/cmsy/m/n on input line 12.
LaTeX Font Info:    ... okay on input line 12.
LaTeX Font Info:    Checking defaults for OMX/cmex/m/n on input line 12.
LaTeX Font Info:    ... okay on input line 12.
LaTeX Font Info:    Checking defaults for U/cmr/m/n on input line 12.
LaTeX Font Info:    ... okay on input line 12.
LaTeX Font Info:    Checking defaults for LY/yfrak/m/n on input line 12.
LaTeX Font Info:    ... okay on input line 12.
LaTeX Font Info:    Checking defaults for LYG/ygoth/m/n on input line 12.
LaTeX Font Info:    ... okay on input line 12.
LaTeX Font Info:    Checking defaults for EU2/lmr/m/n on input line 12.
LaTeX Font Info:    ... okay on input line 12.
LaTeX Font Info:    Checking defaults for T3/cmr/m/n on input line 12.
LaTeX Font Info:    Try loading font information for T3+cmr on input line 12.
 (/usr/share/texmf/tex/latex/tipa/t3cmr.fd
File: t3cmr.fd 2001/12/31 TIPA font definitions
)
LaTeX Font Info:    ... okay on input line 12.

(/usr/share/texlive/texmf-dist/tex/context/base/supp-pdf.mkii
[Loading MPS to PDF converter (version 2006.09.02).]
\scratchcounter=\count144
\scratchdimen=\dimen172
\scratchbox=\box49
\nofMPsegments=\count145
\nofMParguments=\count146
\everyMPshowfont=\toks20
\MPscratchCnt=\count147
\MPscratchDim=\dimen173
\MPnumerator=\count148
\makeMPintoPDFobject=\count149
\everyMPtoPDFconversion=\toks21
)
LaTeX Info: Redefining \dots on input line 12.
LaTeX Info: Redefining \up on input line 12.
Inserting `frenchb.french_punctuation' at position 1 in `kerning'. (/usr/share/
texlive/texmf-dist/tex/generic/oberdiek/pdftexcmds.sty
Package: pdftexcmds 2011/11/29 v0.20 Utility functions of pdfTeX for LuaTeX (HO)

Package pdftexcmds Info: \pdf@primitive is available.
Package pdftexcmds Info: \pdf@ifprimitive is available.
Package pdftexcmds Info: \pdfdraftmode found.

(/usr/share/texlive/texmf-dist/tex/generic/oberdiek/luatex-loader.sty
Package: luatex-loader 2010/03/09 v0.4 Lua module loader (HO)

(/usr/share/texlive/texmf-dist/scripts/oberdiek/oberdiek.luatex.lua))
\pdftexcmds@toks=\toks22
)
(/usr/share/texlive/texmf-dist/tex/latex/oberdiek/epstopdf-base.sty
Package: epstopdf-base 2010/02/09 v2.5 Base part for package epstopdf

(/usr/share/texlive/texmf-dist/tex/latex/oberdiek/grfext.sty
Package: grfext 2010/08/19 v1.1 Manage graphics extensions (HO)

(/usr/share/texlive/texmf-dist/tex/generic/oberdiek/kvdefinekeys.sty
Package: kvdefinekeys 2011/04/07 v1.3 Define keys (HO)
))
(/usr/share/texlive/texmf-dist/tex/latex/oberdiek/kvoptions.sty
Package: kvoptions 2011/06/30 v3.11 Key value format for package options (HO)

(/usr/share/texlive/texmf-dist/tex/generic/oberdiek/kvsetkeys.sty
Package: kvsetkeys 2012/04/25 v1.16 Key value parser (HO)

(/usr/share/texlive/texmf-dist/tex/generic/oberdiek/etexcmds.sty
Package: etexcmds 2011/02/16 v1.5 Avoid name clashes with e-TeX commands (HO)
)))
Package grfext Info: Graphics extension search list:
(grfext)             [.png,.pdf,.jpg,.mps,.tif,.jpeg,.PNG,.PDF,.JPG,.JPEG,.eps]
(grfext)             \AppendGraphicsExtensions on input line 452.

(/usr/share/texlive/texmf-dist/tex/latex/latexconfig/epstopdf-sys.cfg
File: epstopdf-sys.cfg 2010/07/13 v1.3 Configuration of (r)epstopdf for TeX Live

))
.................................................
. fontspec info: "setup-math"
. 
. Adjusting the maths setup (use [no-math] to avoid this).
.................................................
\symlegacymaths=\mathgroup4
LaTeX Font Info:    Overwriting symbol font `legacymaths' in version `bold'
(Font)                  OT1/cmr/m/n --> OT1/cmr/bx/n on input line 12.
LaTeX Font Info:    Redeclaring math accent \acute on input line 12.
LaTeX Font Info:    Redeclaring math accent \grave on input line 12.
LaTeX Font Info:    Redeclaring math accent \ddot on input line 12.
LaTeX Font Info:    Redeclaring math accent \tilde on input line 12.
LaTeX Font Info:    Redeclaring math accent \bar on input line 12.
LaTeX Font Info:    Redeclaring math accent \breve on input line 12.
LaTeX Font Info:    Redeclaring math accent \check on input line 12.
LaTeX Font Info:    Redeclaring math accent \hat on input line 12.
LaTeX Font Info:    Redeclaring math accent \dot on input line 12.
LaTeX Font Info:    Redeclaring math accent \mathring on input line 12.
LaTeX Font Info:    Redeclaring math symbol \colon on input line 12.
LaTeX Font Info:    Redeclaring math symbol \Gamma on input line 12.
LaTeX Font Info:    Redeclaring math symbol \Delta on input line 12.
LaTeX Font Info:    Redeclaring math symbol \Theta on input line 12.
LaTeX Font Info:    Redeclaring math symbol \Lambda on input line 12.
LaTeX Font Info:    Redeclaring math symbol \Xi on input line 12.
LaTeX Font Info:    Redeclaring math symbol \Pi on input line 12.
LaTeX Font Info:    Redeclaring math symbol \Sigma on input line 12.
LaTeX Font Info:    Redeclaring math symbol \Upsilon on input line 12.
LaTeX Font Info:    Redeclaring math symbol \Phi on input line 12.
LaTeX Font Info:    Redeclaring math symbol \Psi on input line 12.
LaTeX Font Info:    Redeclaring math symbol \Omega on input line 12.
LaTeX Font Info:    Redeclaring math symbol \mathdollar on input line 12.
LaTeX Font Info:    Redeclaring symbol font `operators' on input line 12.
LaTeX Font Info:    Encoding `OT1' has changed to `EU2' for symbol font
(Font)              `operators' in the math version `normal' on input line 12.
LaTeX Font Info:    Overwriting symbol font `operators' in version `normal'
(Font)                  OT1/cmr/m/n --> EU2/lmr/m/n on input line 12.
LaTeX Font Info:    Encoding `OT1' has changed to `EU2' for symbol font
(Font)              `operators' in the math version `bold' on input line 12.
LaTeX Font Info:    Overwriting symbol font `operators' in version `bold'
(Font)                  OT1/cmr/bx/n --> EU2/lmr/m/n on input line 12.
LaTeX Font Info:    Overwriting symbol font `operators' in version `normal'
(Font)                  EU2/lmr/m/n --> EU2/lmr/m/n on input line 12.
LaTeX Font Info:    Overwriting math alphabet `\mathit' in version `normal'
(Font)                  OT1/cmr/m/it --> EU2/lmr/m/it on input line 12.
LaTeX Font Info:    Overwriting math alphabet `\mathbf' in version `normal'
(Font)                  OT1/cmr/bx/n --> EU2/lmr/bx/n on input line 12.
LaTeX Font Info:    Overwriting math alphabet `\mathsf' in version `normal'
(Font)                  OT1/cmss/m/n --> EU2/lmss/m/n on input line 12.
LaTeX Font Info:    Overwriting math alphabet `\mathtt' in version `normal'
(Font)                  OT1/cmtt/m/n --> EU2/lmtt/m/n on input line 12.
LaTeX Font Info:    Overwriting symbol font `operators' in version `bold'
(Font)                  EU2/lmr/m/n --> EU2/lmr/bx/n on input line 12.
LaTeX Font Info:    Overwriting math alphabet `\mathit' in version `bold'
(Font)                  OT1/cmr/bx/it --> EU2/lmr/bx/it on input line 12.
LaTeX Font Info:    Overwriting math alphabet `\mathsf' in version `bold'
(Font)                  OT1/cmss/bx/n --> EU2/lmss/bx/n on input line 12.
LaTeX Font Info:    Overwriting math alphabet `\mathtt' in version `bold'
(Font)                  OT1/cmtt/m/n --> EU2/lmtt/bx/n on input line 12.

*geometry* driver: auto-detecting
*geometry* detected driver: pdftex
*geometry* verbose mode - [ preamble ] result:
* driver: pdftex
* paper: <default>
* layout: <same size as paper>
* layoutoffset:(h,v)=(0.0pt,0.0pt)
* modes: landscape 
* h-part:(L,W,R)=(119.2467pt, 556.47656pt, 119.24672pt)
* v-part:(T,H,B)=(73.71613pt, 430.00462pt, 110.57425pt)
* \paperwidth=794.96999pt
* \paperheight=614.295pt
* \textwidth=556.47656pt
* \textheight=430.00462pt
* \oddsidemargin=46.97672pt
* \evensidemargin=46.97672pt
* \topmargin=-35.55386pt
* \headheight=12.0pt
* \headsep=25.0pt
* \topskip=10.0pt
* \footskip=30.0pt
* \marginparwidth=65.0pt
* \marginparsep=11.0pt
* \columnsep=10.0pt
* \skip\footins=9.0pt plus 4.0pt minus 2.0pt
* \hoffset=0.0pt
* \voffset=0.0pt
* \mag=1000
* \@twocolumnfalse
* \@twosidefalse
* \@mparswitchfalse
* \@reversemarginfalse
* (1in=72.27pt=25.4mm, 1cm=28.453pt)


Underfull \hbox (badness 10000) in paragraph at lines 2--3
[][]\EU2/lmr/m/n/10 

 []


Underfull \hbox (badness 10000) in paragraph at lines 2--3

 []


Underfull \hbox (badness 10000) in paragraph at lines 5--6
[][]\EU2/lmr/m/n/10 

 []


Underfull \hbox (badness 10000) in paragraph at lines 5--6

 []


Underfull \hbox (badness 10000) in paragraph at lines 9--10
[][]\EU2/lmr/m/n/10 

 []


Underfull \hbox (badness 10000) in paragraph at lines 9--10

 []


Underfull \hbox (badness 10000) in paragraph at lines 12--13
[][]\EU2/lmr/m/n/10 

 []


Underfull \hbox (badness 10000) in paragraph at lines 12--13

 []


Underfull \hbox (badness 10000) in paragraph at lines 16--17
[][]\EU2/lmr/m/n/10 

 []


Underfull \hbox (badness 10000) in paragraph at lines 16--17

 []


Underfull \hbox (badness 10000) in paragraph at lines 19--20
[][]\EU2/lmr/m/n/10 

 []


Underfull \hbox (badness 10000) in paragraph at lines 19--20

 []


Underfull \hbox (badness 10000) in paragraph at lines 23--24
[][]\EU2/lmr/m/n/10 

 []


Underfull \hbox (badness 10000) in paragraph at lines 23--24

 []


Underfull \hbox (badness 10000) in paragraph at lines 26--27
[][]\EU2/lmr/m/n/10 

 []


Underfull \hbox (badness 10000) in paragraph at lines 26--27

 []


Underfull \hbox (badness 10000) in paragraph at lines 30--31
[][]\EU2/lmr/m/n/10 

 []


Underfull \hbox (badness 10000) in paragraph at lines 30--31

 []


Underfull \hbox (badness 10000) in paragraph at lines 33--34
[][]\EU2/lmr/m/n/10 

 []


Underfull \hbox (badness 10000) in paragraph at lines 33--34

 []

[1

{/var/lib/texmf/fonts/map/pdftex/updmap/pdftex.map}
Missing character: There is no 
 (U+000A) in font "file:lmroman10-regular:script=latn;+trep;+tlig;"!
Missing character: There is no 
 (U+000A) in font "file:lmroman10-regular:script=latn;+trep;+tlig;"!
Missing character: There is no 
 (U+000A) in font "file:lmroman10-regular:script=latn;+trep;+tlig;"!
Missing character: There is no 
 (U+000A) in font "file:lmroman10-regular:script=latn;+trep;+tlig;"!
Missing character: There is no 
 (U+000A) in font "file:lmroman10-regular:script=latn;+trep;+tlig;"!
Missing character: There is no 
 (U+000A) in font "file:lmroman10-regular:script=latn;+trep;+tlig;"!
Missing character: There is no 
 (U+000A) in font "file:lmroman10-regular:script=latn;+trep;+tlig;"!
Missing character: There is no 
 (U+000A) in font "file:lmroman10-regular:script=latn;+trep;+tlig;"!
Missing character: There is no 
 (U+000A) in font "file:lmroman10-regular:script=latn;+trep;+tlig;"!
Missing character: There is no 
 (U+000A) in font "file:lmroman10-regular:script=latn;+trep;+tlig;"!
Missing character: There is no 
 (U+000A) in font "file:lmroman10-regular:script=latn;+trep;+tlig;"!
Missing character: There is no 
 (U+000A) in font "file:lmroman10-regular:script=latn;+trep;+tlig;"!
Missing character: There is no 
 (U+000A) in font "file:lmroman10-regular:script=latn;+trep;+tlig;"!
Missing character: There is no 
 (U+000A) in font "file:lmroman10-regular:script=latn;+trep;+tlig;"!
Missing character: There is no 
 (U+000A) in font "file:lmroman10-regular:script=latn;+trep;+tlig;"!
Missing character: There is no 
 (U+000A) in font "file:lmroman10-regular:script=latn;+trep;+tlig;"!
Missing character: There is no 
 (U+000A) in font "file:lmroman10-regular:script=latn;+trep;+tlig;"!
Missing character: There is no 
 (U+000A) in font "file:lmroman10-regular:script=latn;+trep;+tlig;"!
Missing character: There is no 
 (U+000A) in font "file:lmroman10-regular:script=latn;+trep;+tlig;"!
Missing character: There is no 
 (U+000A) in font "file:lmroman10-regular:script=latn;+trep;+tlig;"!
Missing character: There is no 
 (U+000A) in font "file:lmroman10-regular:script=latn;+trep;+tlig;"!
Missing character: There is no 
 (U+000A) in font "file:lmroman10-regular:script=latn;+trep;+tlig;"!
Missing character: There is no 
 (U+000A) in font "file:lmroman10-regular:script=latn;+trep;+tlig;"!
Missing character: There is no 
 (U+000A) in font "file:lmroman10-regular:script=latn;+trep;+tlig;"!
Missing character: There is no 
 (U+000A) in font "file:lmroman10-regular:script=latn;+trep;+tlig;"!
Missing character: There is no 
 (U+000A) in font "file:lmroman10-regular:script=latn;+trep;+tlig;"!
Missing character: There is no 
 (U+000A) in font "file:lmroman10-regular:script=latn;+trep;+tlig;"!
Missing character: There is no 
 (U+000A) in font "file:lmroman10-regular:script=latn;+trep;+tlig;"!
Missing character: There is no 
 (U+000A) in font "file:lmroman10-regular:script=latn;+trep;+tlig;"!
Missing character: There is no 
 (U+000A) in font "file:lmroman10-regular:script=latn;+trep;+tlig;"!
Missing character: There is no 
 (U+000A) in font "file:lmroman10-regular:script=latn;+trep;+tlig;"!
]
Underfull \hbox (badness 10000) in paragraph at lines 37--38
[][]\EU2/lmr/m/n/10 

 []


Underfull \hbox (badness 10000) in paragraph at lines 37--38

 []


Underfull \hbox (badness 10000) in paragraph at lines 40--41
[][]\EU2/lmr/m/n/10 

 []


Underfull \hbox (badness 10000) in paragraph at lines 40--41

 []


Underfull \hbox (badness 10000) in paragraph at lines 44--45
[][]\EU2/lmr/m/n/10 

 []


Underfull \hbox (badness 10000) in paragraph at lines 44--45

 []


Underfull \hbox (badness 10000) in paragraph at lines 47--48
[][]\EU2/lmr/m/n/10 

 []


Underfull \hbox (badness 10000) in paragraph at lines 47--48

 []


Underfull \hbox (badness 10000) in paragraph at lines 51--52
[][]\EU2/lmr/m/n/10 

 []


Underfull \hbox (badness 10000) in paragraph at lines 51--52

 []


Underfull \hbox (badness 10000) in paragraph at lines 54--55
[][]\EU2/lmr/m/n/10 

 []


Underfull \hbox (badness 10000) in paragraph at lines 54--55

 []


Underfull \hbox (badness 10000) in paragraph at lines 58--59
[][]\EU2/lmr/m/n/10 

 []


Underfull \hbox (badness 10000) in paragraph at lines 58--59

 []


Underfull \hbox (badness 10000) in paragraph at lines 61--62
[][]\EU2/lmr/m/n/10 

 []


Underfull \hbox (badness 10000) in paragraph at lines 61--62

 []

[2
Missing character: There is no 
 (U+000A) in font "file:lmroman10-regular:script=latn;+trep;+tlig;"!
Missing character: There is no 
 (U+000A) in font "file:lmroman10-regular:script=latn;+trep;+tlig;"!
Missing character: There is no 
 (U+000A) in font "file:lmroman10-regular:script=latn;+trep;+tlig;"!
Missing character: There is no 
 (U+000A) in font "file:lmroman10-regular:script=latn;+trep;+tlig;"!
Missing character: There is no 
 (U+000A) in font "file:lmroman10-regular:script=latn;+trep;+tlig;"!
Missing character: There is no 
 (U+000A) in font "file:lmroman10-regular:script=latn;+trep;+tlig;"!
Missing character: There is no 
 (U+000A) in font "file:lmroman10-regular:script=latn;+trep;+tlig;"!
Missing character: There is no 
 (U+000A) in font "file:lmroman10-regular:script=latn;+trep;+tlig;"!
Missing character: There is no 
 (U+000A) in font "file:lmroman10-regular:script=latn;+trep;+tlig;"!
Missing character: There is no 
 (U+000A) in font "file:lmroman10-regular:script=latn;+trep;+tlig;"!
Missing character: There is no 
 (U+000A) in font "file:lmroman10-regular:script=latn;+trep;+tlig;"!
Missing character: There is no 
 (U+000A) in font "file:lmroman10-regular:script=latn;+trep;+tlig;"!
Missing character: There is no 
 (U+000A) in font "file:lmroman10-regular:script=latn;+trep;+tlig;"!
Missing character: There is no 
 (U+000A) in font "file:lmroman10-regular:script=latn;+trep;+tlig;"!
Missing character: There is no 
 (U+000A) in font "file:lmroman10-regular:script=latn;+trep;+tlig;"!
Missing character: There is no 
 (U+000A) in font "file:lmroman10-regular:script=latn;+trep;+tlig;"!
Missing character: There is no 
 (U+000A) in font "file:lmroman10-regular:script=latn;+trep;+tlig;"!
Missing character: There is no 
 (U+000A) in font "file:lmroman10-regular:script=latn;+trep;+tlig;"!
Missing character: There is no 
 (U+000A) in font "file:lmroman10-regular:script=latn;+trep;+tlig;"!
Missing character: There is no 
 (U+000A) in font "file:lmroman10-regular:script=latn;+trep;+tlig;"!
Missing character: There is no 
 (U+000A) in font "file:lmroman10-regular:script=latn;+trep;+tlig;"!
Missing character: There is no 
 (U+000A) in font "file:lmroman10-regular:script=latn;+trep;+tlig;"!
Missing character: There is no 
 (U+000A) in font "file:lmroman10-regular:script=latn;+trep;+tlig;"!
Missing character: There is no 
 (U+000A) in font "file:lmroman10-regular:script=latn;+trep;+tlig;"!
Missing character: There is no 
 (U+000A) in font "file:lmroman10-regular:script=latn;+trep;+tlig;"!
Missing character: There is no 
 (U+000A) in font "file:lmroman10-regular:script=latn;+trep;+tlig;"!
Missing character: There is no 
 (U+000A) in font "file:lmroman10-regular:script=latn;+trep;+tlig;"!
Missing character: There is no 
 (U+000A) in font "file:lmroman10-regular:script=latn;+trep;+tlig;"!
Missing character: There is no 
 (U+000A) in font "file:lmroman10-regular:script=latn;+trep;+tlig;"!
Missing character: There is no 
 (U+000A) in font "file:lmroman10-regular:script=latn;+trep;+tlig;"!
Missing character: There is no 
 (U+000A) in font "file:lmroman10-regular:script=latn;+trep;+tlig;"!
Missing character: There is no 
 (U+000A) in font "file:lmroman10-regular:script=latn;+trep;+tlig;"!
Missing character: There is no 
 (U+000A) in font "file:lmroman10-regular:script=latn;+trep;+tlig;"!
Missing character: There is no 
 (U+000A) in font "file:lmroman10-regular:script=latn;+trep;+tlig;"!
Missing character: There is no 
 (U+000A) in font "file:lmroman10-regular:script=latn;+trep;+tlig;"!
Missing character: There is no 
 (U+000A) in font "file:lmroman10-regular:script=latn;+trep;+tlig;"!
Missing character: There is no 
 (U+000A) in font "file:lmroman10-regular:script=latn;+trep;+tlig;"!
Missing character: There is no 
 (U+000A) in font "file:lmroman10-regular:script=latn;+trep;+tlig;"!
Missing character: There is no 
 (U+000A) in font "file:lmroman10-regular:script=latn;+trep;+tlig;"!
Missing character: There is no 
 (U+000A) in font "file:lmroman10-regular:script=latn;+trep;+tlig;"!
Missing character: There is no 
 (U+000A) in font "file:lmroman10-regular:script=latn;+trep;+tlig;"!
Missing character: There is no 
 (U+000A) in font "file:lmroman10-regular:script=latn;+trep;+tlig;"!
] [3
Missing character: There is no 
 (U+000A) in font "file:lmroman10-regular:script=latn;+trep;+tlig;"!
Missing character: There is no 
 (U+000A) in font "file:lmroman10-regular:script=latn;+trep;+tlig;"!
Missing character: There is no 
 (U+000A) in font "file:lmroman10-regular:script=latn;+trep;+tlig;"!
Missing character: There is no 
 (U+000A) in font "file:lmroman10-regular:script=latn;+trep;+tlig;"!
Missing character: There is no 
 (U+000A) in font "file:lmroman10-regular:script=latn;+trep;+tlig;"!
Missing character: There is no 
 (U+000A) in font "file:lmroman10-regular:script=latn;+trep;+tlig;"!
Missing character: There is no 
 (U+000A) in font "file:lmroman10-regular:script=latn;+trep;+tlig;"!
Missing character: There is no 
 (U+000A) in font "file:lmroman10-regular:script=latn;+trep;+tlig;"!
Missing character: There is no 
 (U+000A) in font "file:lmroman10-regular:script=latn;+trep;+tlig;"!
Missing character: There is no 
 (U+000A) in font "file:lmroman10-regular:script=latn;+trep;+tlig;"!
Missing character: There is no 
 (U+000A) in font "file:lmroman10-regular:script=latn;+trep;+tlig;"!
] (./mirelha.aux))

Here is how much of LuaTeX's memory you used:
 16242 strings out of 495004
 100000,383344 words of node,token memory allocated
 577 words of node memory still in use:
   3 hlist, 1 vlist, 1 rule, 21 glue, 1 penalty, 44 attribute, 67 glue_spec, 15 
attribute_list, 1 write nodes
   avail lists: 2:502,3:132,4:1126,5:112,6:2393,7:54,9:380,10:158
 19476 multiletter control sequences out of 65536+600000
 20 fonts using 1228327 bytes
 48i,5n,43p,357b,222s stack positions out of 5000i,500n,10000p,200000b,100000s
</usr/share/texmf/fonts/opentype/public/lm/lmroman10-regular.otf>
Output written on mirelha.pdf (3 pages, 14150 bytes).

PDF statistics: 21 PDF objects out of 1000 (max. 8388607)
 12 compressed objects within 1 object stream
 0 named destinations out of 1000 (max. 131072)
 1 words of extra memory for PDF output out of 10000 (max. 10000000)

